# JRE version: Java(TM) SE Runtime Environment (8.0_121-b13) (build 1.8.0_121-b13)
# Java VM: Java HotSpot(TM) 64-Bit Server VM (25.121-b13 mixed mode windows-amd64 compressed oops)
Heap:
 PSYoungGen      total 423936K, used 312549K [0x00000000d5f00000, 0x00000000f1080000, 0x0000000100000000)
  eden space 404992K, 77% used [0x00000000d5f00000,0x00000000e90395e8,0x00000000eea80000)
  from space 18944K, 0% used [0x00000000efe00000,0x00000000efe00000,0x00000000f1080000)
  to   space 19456K, 0% used [0x00000000eea80000,0x00000000eea80000,0x00000000efd80000)
 ParOldGen       total 145920K, used 31873K [0x0000000081c00000, 0x000000008aa80000, 0x00000000d5f00000)
  object space 145920K, 21% used [0x0000000081c00000,0x0000000083b206d8,0x000000008aa80000)
 Metaspace       used 68172K, capacity 72660K, committed 72920K, reserved 1112064K
  class space    used 9347K, capacity 10232K, committed 10240K, reserved 1048576K
GC Heap History (10 events):
Event: 1358.225 GC heap before
{Heap before GC invocations=27 (full 7):
 PSYoungGen      total 384512K, used 376320K [0x00000000d5f00000, 0x00000000ef680000, 0x0000000100000000)
  eden space 376320K, 100% used [0x00000000d5f00000,0x00000000ece80000,0x00000000ece80000)
  from space 8192K, 0% used [0x00000000ece80000,0x00000000ece80000,0x00000000ed680000)
  to   space 20480K, 0% used [0x00000000ee280000,0x00000000ee280000,0x00000000ef680000)
 ParOldGen       total 145920K, used 29247K [0x0000000081c00000, 0x000000008aa80000, 0x00000000d5f00000)
  object space 145920K, 20% used [0x0000000081c00000,0x000000008388fc30,0x000000008aa80000)
 Metaspace       used 65131K, capacity 69362K, committed 69720K, reserved 1110016K
  class space    used 8966K, capacity 9748K, committed 9856K, reserved 1048576K
Event: 1358.244 GC heap after
Heap after GC invocations=27 (full 7):
 PSYoungGen      total 396800K, used 12403K [0x00000000d5f00000, 0x00000000f1280000, 0x0000000100000000)
  eden space 376320K, 0% used [0x00000000d5f00000,0x00000000d5f00000,0x00000000ece80000)
  from space 20480K, 60% used [0x00000000ee280000,0x00000000eee9cff0,0x00000000ef680000)
  to   space 20480K, 0% used [0x00000000ece80000,0x00000000ece80000,0x00000000ee280000)
 ParOldGen       total 145920K, used 29255K [0x0000000081c00000, 0x000000008aa80000, 0x00000000d5f00000)
  object space 145920K, 20% used [0x0000000081c00000,0x0000000083891c30,0x000000008aa80000)
 Metaspace       used 65131K, capacity 69362K, committed 69720K, reserved 1110016K
  class space    used 8966K, capacity 9748K, committed 9856K, reserved 1048576K
}
Event: 1405.495 GC heap before
{Heap before GC invocations=28 (full 7):
 PSYoungGen      total 396800K, used 46533K [0x00000000d5f00000, 0x00000000f1280000, 0x0000000100000000)
  eden space 376320K, 9% used [0x00000000d5f00000,0x00000000d80545d8,0x00000000ece80000)
  from space 20480K, 60% used [0x00000000ee280000,0x00000000eee9cff0,0x00000000ef680000)
  to   space 20480K, 0% used [0x00000000ece80000,0x00000000ece80000,0x00000000ee280000)
 ParOldGen       total 145920K, used 29255K [0x0000000081c00000, 0x000000008aa80000, 0x00000000d5f00000)
  object space 145920K, 20% used [0x0000000081c00000,0x0000000083891c30,0x000000008aa80000)
 Metaspace       used 65134K, capacity 69368K, committed 69720K, reserved 1110016K
  class space    used 8966K, capacity 9750K, committed 9856K, reserved 1048576K
Event: 1405.511 GC heap after
Heap after GC invocations=28 (full 7):
 PSYoungGen      total 396800K, used 6484K [0x00000000d5f00000, 0x00000000f1180000, 0x0000000100000000)
  eden space 376320K, 0% used [0x00000000d5f00000,0x00000000d5f00000,0x00000000ece80000)
  from space 20480K, 31% used [0x00000000ece80000,0x00000000ed4d5038,0x00000000ee280000)
  to   space 19968K, 0% used [0x00000000efe00000,0x00000000efe00000,0x00000000f1180000)
 ParOldGen       total 145920K, used 29255K [0x0000000081c00000, 0x000000008aa80000, 0x00000000d5f00000)
  object space 145920K, 20% used [0x0000000081c00000,0x0000000083891c30,0x000000008aa80000)
 Metaspace       used 65134K, capacity 69368K, committed 69720K, reserved 1110016K
  class space    used 8966K, capacity 9750K, committed 9856K, reserved 1048576K
}
Event: 1405.511 GC heap before
{Heap before GC invocations=29 (full 8):
 PSYoungGen      total 396800K, used 6484K [0x00000000d5f00000, 0x00000000f1180000, 0x0000000100000000)
  eden space 376320K, 0% used [0x00000000d5f00000,0x00000000d5f00000,0x00000000ece80000)
  from space 20480K, 31% used [0x00000000ece80000,0x00000000ed4d5038,0x00000000ee280000)
  to   space 19968K, 0% used [0x00000000efe00000,0x00000000efe00000,0x00000000f1180000)
 ParOldGen       total 145920K, used 29255K [0x0000000081c00000, 0x000000008aa80000, 0x00000000d5f00000)
  object space 145920K, 20% used [0x0000000081c00000,0x0000000083891c30,0x000000008aa80000)
 Metaspace       used 65134K, capacity 69368K, committed 69720K, reserved 1110016K
  class space    used 8966K, capacity 9750K, committed 9856K, reserved 1048576K
Event: 1405.806 GC heap after
Heap after GC invocations=29 (full 8):
 PSYoungGen      total 396800K, used 0K [0x00000000d5f00000, 0x00000000f1180000, 0x0000000100000000)
  eden space 376320K, 0% used [0x00000000d5f00000,0x00000000d5f00000,0x00000000ece80000)
  from space 20480K, 0% used [0x00000000ece80000,0x00000000ece80000,0x00000000ee280000)
  to   space 19968K, 0% used [0x00000000efe00000,0x00000000efe00000,0x00000000f1180000)
 ParOldGen       total 145920K, used 28990K [0x0000000081c00000, 0x000000008aa80000, 0x00000000d5f00000)
  object space 145920K, 19% used [0x0000000081c00000,0x000000008384fb90,0x000000008aa80000)
 Metaspace       used 65131K, capacity 69362K, committed 69720K, reserved 1110016K
  class space    used 8966K, capacity 9748K, committed 9856K, reserved 1048576K
}
Event: 1416.820 GC heap before
{Heap before GC invocations=30 (full 8):
 PSYoungGen      total 396800K, used 314711K [0x00000000d5f00000, 0x00000000f1180000, 0x0000000100000000)
  eden space 376320K, 83% used [0x00000000d5f00000,0x00000000e9255d90,0x00000000ece80000)
  from space 20480K, 0% used [0x00000000ece80000,0x00000000ece80000,0x00000000ee280000)
  to   space 19968K, 0% used [0x00000000efe00000,0x00000000efe00000,0x00000000f1180000)
 ParOldGen       total 145920K, used 28990K [0x0000000081c00000, 0x000000008aa80000, 0x00000000d5f00000)
  object space 145920K, 19% used [0x0000000081c00000,0x000000008384fb90,0x000000008aa80000)
 Metaspace       used 66610K, capacity 70934K, committed 71128K, reserved 1110016K
  class space    used 9121K, capacity 9935K, committed 9984K, reserved 1048576K
Event: 1416.836 GC heap after
Heap after GC invocations=30 (full 8):
 PSYoungGen      total 423936K, used 8110K [0x00000000d5f00000, 0x00000000f1080000, 0x0000000100000000)
  eden space 404992K, 0% used [0x00000000d5f00000,0x00000000d5f00000,0x00000000eea80000)
  from space 18944K, 42% used [0x00000000efe00000,0x00000000f05eba78,0x00000000f1080000)
  to   space 19456K, 0% used [0x00000000eea80000,0x00000000eea80000,0x00000000efd80000)
 ParOldGen       total 145920K, used 28998K [0x0000000081c00000, 0x000000008aa80000, 0x00000000d5f00000)
  object space 145920K, 19% used [0x0000000081c00000,0x0000000083851b90,0x000000008aa80000)
 Metaspace       used 66610K, capacity 70934K, committed 71128K, reserved 1110016K
  class space    used 9121K, capacity 9935K, committed 9984K, reserved 1048576K
}
Event: 1416.836 GC heap before
{Heap before GC invocations=31 (full 9):
 PSYoungGen      total 423936K, used 8110K [0x00000000d5f00000, 0x00000000f1080000, 0x0000000100000000)
  eden space 404992K, 0% used [0x00000000d5f00000,0x00000000d5f00000,0x00000000eea80000)
  from space 18944K, 42% used [0x00000000efe00000,0x00000000f05eba78,0x00000000f1080000)
  to   space 19456K, 0% used [0x00000000eea80000,0x00000000eea80000,0x00000000efd80000)
 ParOldGen       total 145920K, used 28998K [0x0000000081c00000, 0x000000008aa80000, 0x00000000d5f00000)
  object space 145920K, 19% used [0x0000000081c00000,0x0000000083851b90,0x000000008aa80000)
 Metaspace       used 66610K, capacity 70934K, committed 71128K, reserved 1110016K
  class space    used 9121K, capacity 9935K, committed 9984K, reserved 1048576K
Event: 1417.118 GC heap after
Heap after GC invocations=31 (full 9):
 PSYoungGen      total 423936K, used 0K [0x00000000d5f00000, 0x00000000f1080000, 0x0000000100000000)
  eden space 404992K, 0% used [0x00000000d5f00000,0x00000000d5f00000,0x00000000eea80000)
  from space 18944K, 0% used [0x00000000efe00000,0x00000000efe00000,0x00000000f1080000)
  to   space 19456K, 0% used [0x00000000eea80000,0x00000000eea80000,0x00000000efd80000)
 ParOldGen       total 145920K, used 31873K [0x0000000081c00000, 0x000000008aa80000, 0x00000000d5f00000)
  object space 145920K, 21% used [0x0000000081c00000,0x0000000083b206d8,0x000000008aa80000)
 Metaspace       used 66607K, capacity 70928K, committed 71128K, reserved 1110016K
  class space    used 9120K, capacity 9933K, committed 9984K, reserved 1048576K
}

